[ 2015-11-30T16:17:15+08:00 ] 0.0.0.0 /ecv_advice/
INFO: [ app_begin ] --START--
INFO: Run ReadHtmlCache Behavior [ RunTime:0.002010s ]
INFO: [ app_begin ] --END-- [ RunTime:0.002327s ]

[ 2015-11-30T16:17:16+08:00 ] 0.0.0.0 /ecv_advice/
INFO: [ app_begin ] --START--
INFO: Run ReadHtmlCache Behavior [ RunTime:0.001356s ]
INFO: [ app_begin ] --END-- [ RunTime:0.001652s ]

[ 2015-11-30T16:51:37+08:00 ] ERR: (ThinkException) 非法操作:assets
[ 2015-11-30T16:51:37+08:00 ] ERR: (ThinkException) 非法操作:assets
[ 2015-11-30T16:51:37+08:00 ] ERR: (ThinkException) 非法操作:assets
[ 2015-11-30T16:51:37+08:00 ] ERR: (ThinkException) 非法操作:assets
[ 2015-11-30T16:51:37+08:00 ] ERR: (ThinkException) 非法操作:assets
[ 2015-11-30T16:51:37+08:00 ] ERR: (ThinkException) 非法操作:assets
[ 2015-11-30T16:55:39+08:00 ] ERR: (ThinkException) 非法操作:assets
[ 2015-11-30T16:55:39+08:00 ] ERR: (ThinkException) 非法操作:assets
[ 2015-11-30T16:55:39+08:00 ] ERR: (ThinkException) 非法操作:assets
[ 2015-11-30T16:55:39+08:00 ] ERR: (ThinkException) 非法操作:assets
[ 2015-11-30T16:55:39+08:00 ] ERR: (ThinkException) 非法操作:assets
[ 2015-11-30T16:55:40+08:00 ] ERR: (ThinkException) 非法操作:assets
[ 2015-11-30T16:55:57+08:00 ] ERR: (ThinkException) 无法加载模块:assets
[ 2015-11-30T16:55:57+08:00 ] ERR: (ThinkException) 无法加载模块:assets
[ 2015-11-30T16:55:57+08:00 ] ERR: (ThinkException) 无法加载模块:assets
[ 2015-11-30T16:55:57+08:00 ] ERR: (ThinkException) 无法加载模块:assets
[ 2015-11-30T16:55:57+08:00 ] ERR: (ThinkException) 无法加载模块:assets
[ 2015-11-30T16:55:57+08:00 ] ERR: (ThinkException) 无法加载模块:assets
[ 2015-11-30T18:35:22+08:00 ] ERR: (ThinkException) 非法操作:assets
[ 2015-11-30T18:35:22+08:00 ] ERR: (ThinkException) 非法操作:assets
[ 2015-11-30T18:35:22+08:00 ] ERR: (ThinkException) 非法操作:assets
[ 2015-11-30T18:35:22+08:00 ] ERR: (ThinkException) 非法操作:assets
[ 2015-11-30T18:35:22+08:00 ] ERR: (ThinkException) 非法操作:assets
[ 2015-11-30T18:35:23+08:00 ] ERR: (ThinkException) 非法操作:assets
[ 2015-11-30T18:35:47+08:00 ] ERR: (ThinkException) 非法操作:assets
[ 2015-11-30T18:35:47+08:00 ] ERR: (ThinkException) 非法操作:assets
[ 2015-11-30T18:35:47+08:00 ] ERR: (ThinkException) 非法操作:assets
[ 2015-11-30T18:35:47+08:00 ] ERR: (ThinkException) 非法操作:assets
[ 2015-11-30T18:35:47+08:00 ] ERR: (ThinkException) 非法操作:assets
[ 2015-11-30T18:35:47+08:00 ] ERR: (ThinkException) 非法操作:assets
[ 2015-11-30T18:35:50+08:00 ] ERR: (ThinkException) 非法操作:assets
[ 2015-11-30T18:35:50+08:00 ] ERR: (ThinkException) 非法操作:assets
[ 2015-11-30T18:35:50+08:00 ] ERR: (ThinkException) 非法操作:assets
[ 2015-11-30T18:35:50+08:00 ] ERR: (ThinkException) 非法操作:assets
[ 2015-11-30T18:35:50+08:00 ] ERR: (ThinkException) 非法操作:assets
[ 2015-11-30T18:35:50+08:00 ] ERR: (ThinkException) 非法操作:assets
